2022-12-02 12:23:41,298 - [INFO] - __main__ - (GBI.py).main(31) - Programm starting!
2022-12-02 12:23:41,299 - [INFO] - __main__ - (Controller.py).readLog(93) - Start process
2022-12-02 12:23:41,302 - [INFO] - __main__ - (Controller.py).readLog(93) - Connecting..
2022-12-02 12:23:41,337 - [INFO] - __main__ - (Controller.py).readLog(93) - Base Station 1 is disabled
2022-12-02 12:23:41,437 - [INFO] - __main__ - (Controller.py).readLog(93) - Base Station 2 is disabled
2022-12-02 12:23:41,920 - [INFO] - __main__ - (Controller.py).readLog(93) - Base Station 5 is disabled
2022-12-02 12:23:42,312 - [INFO] - __main__ - (Controller.py).readLog(93) - Connecting..
2022-12-02 12:23:42,315 - [INFO] - __main__ - (Controller.py).readLog(93) - Connection complite
2022-12-02 12:23:42,418 - [INFO] - __main__ - (Controller.py).readLog(93) - Base Station 8 is disabled
2022-12-02 12:23:42,526 - [INFO] - __main__ - (Controller.py).readResult(184) - Parcel received: 2022-12-02 12:23:42
2022-12-02 12:23:47,548 - [INFO] - __main__ - (Controller.py).readLog(93) - Base Station 1 is disabled
2022-12-02 12:23:47,673 - [INFO] - __main__ - (Controller.py).readLog(93) - Base Station 2 is disabled
2022-12-02 12:23:48,139 - [INFO] - __main__ - (Controller.py).readLog(93) - Base Station 5 is disabled
2022-12-02 12:23:48,606 - [INFO] - __main__ - (Controller.py).readLog(93) - Base Station 8 is disabled
2022-12-02 12:23:48,715 - [INFO] - __main__ - (Controller.py).readResult(184) - Parcel received: 2022-12-02 12:23:48
2022-12-02 12:23:53,743 - [INFO] - __main__ - (Controller.py).readLog(93) - Base Station 1 is disabled
2022-12-02 12:23:53,868 - [INFO] - __main__ - (Controller.py).readLog(93) - Base Station 2 is disabled
2022-12-02 12:23:54,337 - [INFO] - __main__ - (Controller.py).readLog(93) - Base Station 5 is disabled
2022-12-02 12:23:54,805 - [INFO] - __main__ - (Controller.py).readLog(93) - Base Station 8 is disabled
2022-12-02 12:23:54,915 - [INFO] - __main__ - (Controller.py).readResult(184) - Parcel received: 2022-12-02 12:23:54
2022-12-02 12:23:59,941 - [INFO] - __main__ - (Controller.py).readLog(93) - Base Station 1 is disabled
2022-12-02 12:24:00,068 - [INFO] - __main__ - (Controller.py).readLog(93) - Base Station 2 is disabled
2022-12-02 12:24:00,536 - [INFO] - __main__ - (Controller.py).readLog(93) - Base Station 5 is disabled
2022-12-02 12:24:01,004 - [INFO] - __main__ - (Controller.py).readLog(93) - Base Station 8 is disabled
2022-12-02 12:24:01,111 - [INFO] - __main__ - (Controller.py).readResult(184) - Parcel received: 2022-12-02 12:24:01
2022-12-02 12:24:06,129 - [INFO] - __main__ - (Controller.py).readLog(93) - Base Station 1 is disabled
2022-12-02 12:24:06,251 - [INFO] - __main__ - (Controller.py).readLog(93) - Base Station 2 is disabled
2022-12-02 12:24:06,720 - [INFO] - __main__ - (Controller.py).readLog(93) - Base Station 5 is disabled
2022-12-02 12:29:20,302 - [INFO] - __main__ - (GBI.py).main(31) - Programm starting!
2022-12-02 12:29:20,302 - [INFO] - __main__ - (Controller.py).readLog(93) - Start process
2022-12-02 12:29:20,302 - [INFO] - __main__ - (Controller.py).readLog(93) - Connecting..
2022-12-02 12:29:20,384 - [INFO] - __main__ - (Controller.py).readLog(93) - Base Station 1 is disable
2022-12-02 12:29:20,448 - [INFO] - __main__ - (Controller.py).readLog(93) - Base Station 2 is disable
2022-12-02 12:29:20,572 - [INFO] - __main__ - (Controller.py).readLog(93) - Base Station 3 is enable
2022-12-02 12:29:20,603 - [INFO] - __main__ - (Controller.py).readLog(93) - Base Station 3 is enable!
2022-12-02 12:29:20,761 - [INFO] - __main__ - (Controller.py).readLog(93) - Base Station 4 is enable
2022-12-02 12:29:20,801 - [INFO] - __main__ - (Controller.py).readLog(93) - Base Station 4 is enable!
2022-12-02 12:29:20,801 - [INFO] - __main__ - (Controller.py).readLog(93) - Base Station 4 is enable!
2022-12-02 12:29:20,960 - [INFO] - __main__ - (Controller.py).readLog(93) - Base Station 5 is disable
2022-12-02 12:29:21,140 - [INFO] - __main__ - (Controller.py).readLog(93) - Base Station 6 is enable
2022-12-02 12:29:21,253 - [INFO] - __main__ - (Controller.py).readLog(93) - Base Station 6 is enable!
2022-12-02 12:29:21,253 - [INFO] - __main__ - (Controller.py).readLog(93) - Base Station 6 is enable!
2022-12-02 12:29:21,253 - [INFO] - __main__ - (Controller.py).readLog(93) - Base Station 6 is enable!
2022-12-02 12:29:21,313 - [INFO] - __main__ - (Controller.py).readLog(93) - Connecting..
2022-12-02 12:29:21,317 - [INFO] - __main__ - (Controller.py).readLog(93) - Connection complite
2022-12-02 12:29:21,437 - [INFO] - __main__ - (Controller.py).readLog(93) - Base Station 7 is enable
2022-12-02 12:29:21,484 - [INFO] - __main__ - (Controller.py).readLog(93) - Base Station 7 is enable!
2022-12-02 12:29:21,484 - [INFO] - __main__ - (Controller.py).readLog(93) - Base Station 7 is enable!
2022-12-02 12:29:21,484 - [INFO] - __main__ - (Controller.py).readLog(93) - Base Station 7 is enable!
2022-12-02 12:29:21,484 - [INFO] - __main__ - (Controller.py).readLog(93) - Base Station 7 is enable!
2022-12-02 12:29:21,623 - [INFO] - __main__ - (Controller.py).readLog(93) - Base Station 8 is disable
2022-12-02 12:29:21,727 - [INFO] - __main__ - (Controller.py).readResult(184) - Parcel received: 2022-12-02 12:29:21
2022-12-02 12:29:26,755 - [INFO] - __main__ - (Controller.py).readLog(93) - Base Station 1 is disable
2022-12-02 12:29:26,881 - [INFO] - __main__ - (Controller.py).readLog(93) - Base Station 2 is disable
2022-12-02 12:29:27,004 - [INFO] - __main__ - (Controller.py).readLog(93) - Base Station 3 is enable
2022-12-02 12:29:27,176 - [INFO] - __main__ - (Controller.py).readLog(93) - Base Station 4 is enable
2022-12-02 12:29:27,349 - [INFO] - __main__ - (Controller.py).readLog(93) - Base Station 5 is disable
2022-12-02 12:29:27,468 - [INFO] - __main__ - (Controller.py).readLog(93) - Base Station 6 is enable
2022-12-02 12:29:27,639 - [INFO] - __main__ - (Controller.py).readLog(93) - Base Station 7 is enable
2022-12-02 12:29:27,812 - [INFO] - __main__ - (Controller.py).readLog(93) - Base Station 8 is disable
2022-12-02 12:29:27,920 - [INFO] - __main__ - (Controller.py).readResult(184) - Parcel received: 2022-12-02 12:29:27
2022-12-02 13:46:56,672 - [INFO] - __main__ - (GBI.py).main(31) - Programm starting!
2022-12-02 13:46:56,673 - [INFO] - __main__ - (Controller.py).readLog(93) - Start process
2022-12-02 13:47:18,023 - [INFO] - __main__ - (GBI.py).main(31) - Programm starting!
2022-12-02 13:47:18,024 - [INFO] - __main__ - (Controller.py).readLog(93) - Start process
2022-12-02 13:47:18,073 - [INFO] - __main__ - (Controller.py).readLog(93) - Base Station 1 is disable
2022-12-02 13:47:18,143 - [INFO] - __main__ - (Controller.py).readLog(93) - Base Station 2 is disable
2022-12-02 13:47:18,243 - [INFO] - __main__ - (Controller.py).readLog(93) - Base Station 3 is enable
2022-12-02 13:47:18,273 - [INFO] - __main__ - (Controller.py).readLog(93) - Base Station 3 is enable!
2022-12-02 13:47:18,435 - [INFO] - __main__ - (Controller.py).readLog(93) - Base Station 4 is enable
2022-12-02 13:47:18,480 - [INFO] - __main__ - (Controller.py).readLog(93) - Base Station 4 is enable!
2022-12-02 13:47:18,625 - [INFO] - __main__ - (Controller.py).readLog(93) - Base Station 5 is disable
2022-12-02 13:47:18,732 - [INFO] - __main__ - (Controller.py).readLog(93) - Base Station 6 is enable
2022-12-02 13:47:18,766 - [INFO] - __main__ - (Controller.py).readLog(93) - Base Station 6 is enable!
2022-12-02 13:47:18,937 - [INFO] - __main__ - (Controller.py).readLog(93) - Base Station 7 is enable
2022-12-02 13:47:18,984 - [INFO] - __main__ - (Controller.py).readLog(93) - Base Station 7 is enable!
2022-12-02 13:47:19,138 - [INFO] - __main__ - (Controller.py).readLog(93) - Base Station 8 is disable
2022-12-02 13:47:19,239 - [INFO] - __main__ - (Controller.py).readResult(182) - Parcel received: 2022-12-02 13:47:19
2022-12-02 13:47:24,262 - [INFO] - __main__ - (Controller.py).readLog(93) - Base Station 1 is disable
2022-12-02 13:47:24,382 - [INFO] - __main__ - (Controller.py).readLog(93) - Base Station 2 is disable
2022-12-02 13:47:24,515 - [INFO] - __main__ - (Controller.py).readLog(93) - Base Station 3 is enable
2022-12-02 13:47:24,671 - [INFO] - __main__ - (Controller.py).readLog(93) - Base Station 4 is enable
2022-12-02 13:47:24,844 - [INFO] - __main__ - (Controller.py).readLog(93) - Base Station 5 is disable
2022-12-02 13:47:24,965 - [INFO] - __main__ - (Controller.py).readLog(93) - Base Station 6 is enable
2022-12-02 13:47:25,149 - [INFO] - __main__ - (Controller.py).readLog(93) - Base Station 7 is enable
2022-12-02 13:47:25,327 - [INFO] - __main__ - (Controller.py).readLog(93) - Base Station 8 is disable
2022-12-02 13:47:25,439 - [INFO] - __main__ - (Controller.py).readResult(182) - Parcel received: 2022-12-02 13:47:25
2022-12-02 13:47:30,463 - [INFO] - __main__ - (Controller.py).readLog(93) - Base Station 1 is disable
2022-12-02 13:47:30,591 - [INFO] - __main__ - (Controller.py).readLog(93) - Base Station 2 is disable
2022-12-02 13:47:30,714 - [INFO] - __main__ - (Controller.py).readLog(93) - Base Station 3 is enable
2022-12-02 13:47:30,882 - [INFO] - __main__ - (Controller.py).readLog(93) - Base Station 4 is enable
2022-12-02 13:47:31,070 - [INFO] - __main__ - (Controller.py).readLog(93) - Base Station 5 is disable
2022-12-02 13:47:31,217 - [INFO] - __main__ - (Controller.py).readLog(93) - Base Station 6 is enable
2022-12-02 13:47:31,380 - [INFO] - __main__ - (Controller.py).readLog(93) - Base Station 7 is enable
2022-12-02 13:47:31,562 - [INFO] - __main__ - (Controller.py).readLog(93) - Base Station 8 is disable
2022-12-02 13:47:31,663 - [INFO] - __main__ - (Controller.py).readResult(182) - Parcel received: 2022-12-02 13:47:31
2022-12-02 13:47:32,955 - [INFO] - __main__ - (Controller.py).readLog(93) - Exit process
2022-12-02 13:47:36,672 - [INFO] - __main__ - (GBI.py).closeEvent(20) - Exit programm
2022-12-02 13:48:19,990 - [INFO] - __main__ - (GBI.py).main(31) - Programm starting!
2022-12-02 13:48:19,991 - [INFO] - __main__ - (Controller.py).readLog(93) - Start process
2022-12-02 13:48:20,034 - [INFO] - __main__ - (Controller.py).readLog(93) - Base Station 1 is disable
2022-12-02 13:48:20,150 - [INFO] - __main__ - (Controller.py).readLog(93) - Base Station 2 is disable
2022-12-02 13:48:20,257 - [INFO] - __main__ - (Controller.py).readLog(93) - Base Station 3 is enable
2022-12-02 13:48:20,352 - [INFO] - __main__ - (Controller.py).readLog(93) - Base Station 3 is enable!
2022-12-02 13:48:20,512 - [INFO] - __main__ - (Controller.py).readLog(93) - Base Station 4 is enable
2022-12-02 13:48:20,546 - [INFO] - __main__ - (Controller.py).readLog(93) - Base Station 4 is enable!
2022-12-02 13:48:20,710 - [INFO] - __main__ - (Controller.py).readLog(93) - Base Station 5 is disable
2022-12-02 13:48:20,811 - [INFO] - __main__ - (Controller.py).readLog(93) - Base Station 6 is enable
2022-12-02 13:48:20,843 - [INFO] - __main__ - (Controller.py).readLog(93) - Base Station 6 is enable!
2022-12-02 13:48:21,002 - [INFO] - __main__ - (Controller.py).readLog(93) - Base Station 7 is enable
2022-12-02 13:48:21,041 - [INFO] - __main__ - (Controller.py).readLog(93) - Base Station 7 is enable!
2022-12-02 13:48:21,200 - [INFO] - __main__ - (Controller.py).readLog(93) - Base Station 8 is disable
2022-12-02 13:48:21,310 - [INFO] - __main__ - (Controller.py).readResult(182) - Parcel received: 2022-12-02 13:48:21
2022-12-02 13:48:25,493 - [INFO] - __main__ - (Controller.py).readLog(93) - Base Station 1 is enable!
2022-12-02 13:48:26,336 - [INFO] - __main__ - (Controller.py).readLog(93) - Base Station 1 is enable
2022-12-02 13:48:26,517 - [INFO] - __main__ - (Controller.py).readLog(93) - Base Station 2 is disable
2022-12-02 13:48:26,644 - [INFO] - __main__ - (Controller.py).readLog(93) - Base Station 3 is enable
2022-12-02 13:48:26,829 - [INFO] - __main__ - (Controller.py).readLog(93) - Base Station 4 is enable
2022-12-02 13:48:27,013 - [INFO] - __main__ - (Controller.py).readLog(93) - Base Station 5 is disable
2022-12-02 13:48:27,142 - [INFO] - __main__ - (Controller.py).readLog(93) - Base Station 6 is enable
2022-12-02 13:48:27,320 - [INFO] - __main__ - (Controller.py).readLog(93) - Base Station 7 is enable
2022-12-02 13:48:27,488 - [INFO] - __main__ - (Controller.py).readLog(93) - Base Station 8 is disable
2022-12-02 13:48:27,603 - [INFO] - __main__ - (Controller.py).readResult(182) - Parcel received: 2022-12-02 13:48:27
2022-12-02 13:48:32,630 - [INFO] - __main__ - (Controller.py).readLog(93) - Base Station 1 is enable
2022-12-02 13:48:32,817 - [INFO] - __main__ - (Controller.py).readLog(93) - Base Station 2 is disable
2022-12-02 13:48:32,939 - [INFO] - __main__ - (Controller.py).readLog(93) - Base Station 3 is enable
2022-12-02 13:48:33,120 - [INFO] - __main__ - (Controller.py).readLog(93) - Base Station 4 is enable
2022-12-02 13:48:33,276 - [INFO] - __main__ - (Controller.py).readLog(93) - Base Station 5 is disable
2022-12-02 13:48:33,406 - [INFO] - __main__ - (Controller.py).readLog(93) - Base Station 6 is enable
2022-12-02 13:48:33,577 - [INFO] - __main__ - (Controller.py).readLog(93) - Base Station 7 is enable
2022-12-02 13:48:33,741 - [INFO] - __main__ - (Controller.py).readLog(93) - Base Station 8 is disable
2022-12-02 13:48:33,858 - [INFO] - __main__ - (Controller.py).readResult(182) - Parcel received: 2022-12-02 13:48:33
2022-12-02 13:48:37,963 - [INFO] - __main__ - (Controller.py).readLog(93) - Base Station 2 is enable!
2022-12-02 13:48:38,881 - [INFO] - __main__ - (Controller.py).readLog(93) - Base Station 1 is enable
2022-12-02 13:48:39,071 - [INFO] - __main__ - (Controller.py).readLog(93) - Base Station 2 is enable
2022-12-02 13:48:39,255 - [INFO] - __main__ - (Controller.py).readLog(93) - Base Station 3 is enable
2022-12-02 13:48:39,438 - [INFO] - __main__ - (Controller.py).readLog(93) - Base Station 4 is enable
2022-12-02 13:48:39,623 - [INFO] - __main__ - (Controller.py).readLog(93) - Base Station 5 is disable
2022-12-02 13:48:39,751 - [INFO] - __main__ - (Controller.py).readLog(93) - Base Station 6 is enable
2022-12-02 13:48:39,936 - [INFO] - __main__ - (Controller.py).readLog(93) - Base Station 7 is enable
2022-12-02 13:48:40,108 - [INFO] - __main__ - (Controller.py).readLog(93) - Base Station 8 is disable
2022-12-02 13:48:40,214 - [INFO] - __main__ - (Controller.py).readResult(182) - Parcel received: 2022-12-02 13:48:40
2022-12-02 13:48:45,233 - [INFO] - __main__ - (Controller.py).readLog(93) - Base Station 1 is enable
2022-12-02 13:48:45,416 - [INFO] - __main__ - (Controller.py).readLog(93) - Base Station 2 is enable
2022-12-02 13:48:45,598 - [INFO] - __main__ - (Controller.py).readLog(93) - Base Station 3 is enable
2022-12-02 13:48:45,787 - [INFO] - __main__ - (Controller.py).readLog(93) - Base Station 4 is enable
2022-12-02 13:48:45,971 - [INFO] - __main__ - (Controller.py).readLog(93) - Base Station 5 is disable
2022-12-02 13:48:46,095 - [INFO] - __main__ - (Controller.py).readLog(93) - Base Station 6 is enable
2022-12-02 13:48:46,299 - [INFO] - __main__ - (Controller.py).readLog(93) - Base Station 7 is enable
2022-12-02 13:48:46,487 - [INFO] - __main__ - (Controller.py).readLog(93) - Base Station 8 is disable
2022-12-02 13:48:46,594 - [INFO] - __main__ - (Controller.py).readResult(182) - Parcel received: 2022-12-02 13:48:46
2022-12-02 13:48:48,129 - [INFO] - __main__ - (Controller.py).readLog(93) - Exit process
2022-12-02 13:48:51,602 - [INFO] - __main__ - (GBI.py).closeEvent(20) - Exit programm
2022-12-02 14:51:26,951 - [ERROR] - Controller - (Controller.py).check_cams(128) - 'ApplicationWindow' object has no attribute 'threadpool'
2022-12-02 14:51:26,951 - [ERROR] - Controller - (Controller.py).check_cams(128) : 'ApplicationWindow' object has no attribute 'threadpool'
2022-12-02 14:51:26,951 - [ERROR] - Controller - (Controller.py).check_cams(128) - 'ApplicationWindow' object has no attribute 'threadpool'
2022-12-02 14:51:26,952 - [ERROR] - Controller - (Controller.py).check_cams(128) - 'ApplicationWindow' object has no attribute 'threadpool'
2022-12-02 14:51:26,952 - [ERROR] - Controller - (Controller.py).check_cams(128) : 'ApplicationWindow' object has no attribute 'threadpool'
2022-12-02 14:51:26,952 - [ERROR] - Controller - (Controller.py).check_cams(128) - 'ApplicationWindow' object has no attribute 'threadpool'
2022-12-02 14:51:26,952 - [ERROR] - Controller - (Controller.py).check_cams(128) - 'ApplicationWindow' object has no attribute 'threadpool'
2022-12-02 14:51:26,952 - [ERROR] - Controller - (Controller.py).check_cams(128) : 'ApplicationWindow' object has no attribute 'threadpool'
2022-12-02 14:51:26,952 - [ERROR] - Controller - (Controller.py).check_cams(128) - 'ApplicationWindow' object has no attribute 'threadpool'
2022-12-02 14:51:26,953 - [ERROR] - Controller - (Controller.py).check_cams(128) - 'ApplicationWindow' object has no attribute 'threadpool'
2022-12-02 14:51:26,953 - [ERROR] - Controller - (Controller.py).check_cams(128) : 'ApplicationWindow' object has no attribute 'threadpool'
2022-12-02 14:51:26,953 - [ERROR] - Controller - (Controller.py).check_cams(128) - 'ApplicationWindow' object has no attribute 'threadpool'
2022-12-02 14:51:26,953 - [ERROR] - Controller - (Controller.py).check_cams(128) - 'ApplicationWindow' object has no attribute 'threadpool'
2022-12-02 14:51:26,953 - [ERROR] - Controller - (Controller.py).check_cams(128) : 'ApplicationWindow' object has no attribute 'threadpool'
2022-12-02 14:51:26,953 - [ERROR] - Controller - (Controller.py).check_cams(128) - 'ApplicationWindow' object has no attribute 'threadpool'
2022-12-02 14:51:26,953 - [ERROR] - Controller - (Controller.py).check_cams(128) - 'ApplicationWindow' object has no attribute 'threadpool'
2022-12-02 14:51:26,953 - [ERROR] - Controller - (Controller.py).check_cams(128) : 'ApplicationWindow' object has no attribute 'threadpool'
2022-12-02 14:51:26,953 - [ERROR] - Controller - (Controller.py).check_cams(128) - 'ApplicationWindow' object has no attribute 'threadpool'
2022-12-02 14:51:26,953 - [ERROR] - Controller - (Controller.py).check_cams(128) - 'ApplicationWindow' object has no attribute 'threadpool'
2022-12-02 14:51:26,953 - [ERROR] - Controller - (Controller.py).check_cams(128) : 'ApplicationWindow' object has no attribute 'threadpool'
2022-12-02 14:51:26,953 - [ERROR] - Controller - (Controller.py).check_cams(128) - 'ApplicationWindow' object has no attribute 'threadpool'
2022-12-02 14:51:26,953 - [ERROR] - Controller - (Controller.py).check_cams(128) - 'ApplicationWindow' object has no attribute 'threadpool'
2022-12-02 14:51:26,953 - [ERROR] - Controller - (Controller.py).check_cams(128) : 'ApplicationWindow' object has no attribute 'threadpool'
2022-12-02 14:51:26,953 - [ERROR] - Controller - (Controller.py).check_cams(128) - 'ApplicationWindow' object has no attribute 'threadpool'
2022-12-02 14:51:27,324 - [INFO] - __main__ - (GBI.py).main(31) - Programm starting!
2022-12-02 14:51:27,325 - [INFO] - __main__ - (Controller.py).readLog(93) - Start process
2022-12-02 16:01:49,119 - [ERROR] - Controller - (Controller.py).check_cams(128) - 'ApplicationWindow' object has no attribute 'threadpool'
2022-12-02 16:01:49,119 - [ERROR] - Controller - (Controller.py).check_cams(128) : 'ApplicationWindow' object has no attribute 'threadpool'
2022-12-02 16:01:49,119 - [ERROR] - Controller - (Controller.py).check_cams(128) - 'ApplicationWindow' object has no attribute 'threadpool'
2022-12-02 16:01:49,119 - [ERROR] - Controller - (Controller.py).check_cams(128) - 'ApplicationWindow' object has no attribute 'threadpool'
2022-12-02 16:01:49,119 - [ERROR] - Controller - (Controller.py).check_cams(128) : 'ApplicationWindow' object has no attribute 'threadpool'
2022-12-02 16:01:49,119 - [ERROR] - Controller - (Controller.py).check_cams(128) - 'ApplicationWindow' object has no attribute 'threadpool'
2022-12-02 16:01:49,119 - [ERROR] - Controller - (Controller.py).check_cams(128) - 'ApplicationWindow' object has no attribute 'threadpool'
2022-12-02 16:01:49,119 - [ERROR] - Controller - (Controller.py).check_cams(128) : 'ApplicationWindow' object has no attribute 'threadpool'
2022-12-02 16:01:49,119 - [ERROR] - Controller - (Controller.py).check_cams(128) - 'ApplicationWindow' object has no attribute 'threadpool'
2022-12-02 16:01:49,119 - [ERROR] - Controller - (Controller.py).check_cams(128) - 'ApplicationWindow' object has no attribute 'threadpool'
2022-12-02 16:01:49,119 - [ERROR] - Controller - (Controller.py).check_cams(128) : 'ApplicationWindow' object has no attribute 'threadpool'
2022-12-02 16:01:49,119 - [ERROR] - Controller - (Controller.py).check_cams(128) - 'ApplicationWindow' object has no attribute 'threadpool'
2022-12-02 16:01:49,119 - [ERROR] - Controller - (Controller.py).check_cams(128) - 'ApplicationWindow' object has no attribute 'threadpool'
2022-12-02 16:01:49,119 - [ERROR] - Controller - (Controller.py).check_cams(128) : 'ApplicationWindow' object has no attribute 'threadpool'
2022-12-02 16:01:49,119 - [ERROR] - Controller - (Controller.py).check_cams(128) - 'ApplicationWindow' object has no attribute 'threadpool'
2022-12-02 16:01:49,119 - [ERROR] - Controller - (Controller.py).check_cams(128) - 'ApplicationWindow' object has no attribute 'threadpool'
2022-12-02 16:01:49,119 - [ERROR] - Controller - (Controller.py).check_cams(128) : 'ApplicationWindow' object has no attribute 'threadpool'
2022-12-02 16:01:49,119 - [ERROR] - Controller - (Controller.py).check_cams(128) - 'ApplicationWindow' object has no attribute 'threadpool'
2022-12-02 16:01:49,119 - [ERROR] - Controller - (Controller.py).check_cams(128) - 'ApplicationWindow' object has no attribute 'threadpool'
2022-12-02 16:01:49,119 - [ERROR] - Controller - (Controller.py).check_cams(128) : 'ApplicationWindow' object has no attribute 'threadpool'
2022-12-02 16:01:49,119 - [ERROR] - Controller - (Controller.py).check_cams(128) - 'ApplicationWindow' object has no attribute 'threadpool'
2022-12-02 16:01:49,119 - [ERROR] - Controller - (Controller.py).check_cams(128) - 'ApplicationWindow' object has no attribute 'threadpool'
2022-12-02 16:01:49,119 - [ERROR] - Controller - (Controller.py).check_cams(128) : 'ApplicationWindow' object has no attribute 'threadpool'
2022-12-02 16:01:49,119 - [ERROR] - Controller - (Controller.py).check_cams(128) - 'ApplicationWindow' object has no attribute 'threadpool'
2022-12-02 16:01:49,354 - [INFO] - __main__ - (GBI.py).main(32) - Programm starting!
2022-12-02 16:01:49,354 - [INFO] - __main__ - (GBI.py).main(37) - Отсутствует подключение по порту: COM5
2022-12-02 16:01:54,441 - [ERROR] - __main__ - (GBI.py).closeEvent(24) - 'ApplicationWindow' object has no attribute 'threadpool'
2022-12-02 16:01:54,441 - [ERROR] - __main__ - (GBI.py).closeEvent(24) : 'ApplicationWindow' object has no attribute 'threadpool'
2022-12-02 16:01:54,441 - [ERROR] - __main__ - (GBI.py).closeEvent(24) - 'ApplicationWindow' object has no attribute 'threadpool'
2022-12-02 16:02:24,728 - [ERROR] - Controller - (Controller.py).check_cams(128) - 'ApplicationWindow' object has no attribute 'threadpool'
2022-12-02 16:02:24,728 - [ERROR] - Controller - (Controller.py).check_cams(128) : 'ApplicationWindow' object has no attribute 'threadpool'
2022-12-02 16:02:24,728 - [ERROR] - Controller - (Controller.py).check_cams(128) - 'ApplicationWindow' object has no attribute 'threadpool'
2022-12-02 16:02:24,728 - [ERROR] - Controller - (Controller.py).check_cams(128) - 'ApplicationWindow' object has no attribute 'threadpool'
2022-12-02 16:02:24,728 - [ERROR] - Controller - (Controller.py).check_cams(128) : 'ApplicationWindow' object has no attribute 'threadpool'
2022-12-02 16:02:24,728 - [ERROR] - Controller - (Controller.py).check_cams(128) - 'ApplicationWindow' object has no attribute 'threadpool'
2022-12-02 16:02:24,728 - [ERROR] - Controller - (Controller.py).check_cams(128) - 'ApplicationWindow' object has no attribute 'threadpool'
2022-12-02 16:02:24,728 - [ERROR] - Controller - (Controller.py).check_cams(128) : 'ApplicationWindow' object has no attribute 'threadpool'
2022-12-02 16:02:24,728 - [ERROR] - Controller - (Controller.py).check_cams(128) - 'ApplicationWindow' object has no attribute 'threadpool'
2022-12-02 16:02:24,728 - [ERROR] - Controller - (Controller.py).check_cams(128) - 'ApplicationWindow' object has no attribute 'threadpool'
2022-12-02 16:02:24,728 - [ERROR] - Controller - (Controller.py).check_cams(128) : 'ApplicationWindow' object has no attribute 'threadpool'
2022-12-02 16:02:24,728 - [ERROR] - Controller - (Controller.py).check_cams(128) - 'ApplicationWindow' object has no attribute 'threadpool'
2022-12-02 16:02:24,728 - [ERROR] - Controller - (Controller.py).check_cams(128) - 'ApplicationWindow' object has no attribute 'threadpool'
2022-12-02 16:02:24,728 - [ERROR] - Controller - (Controller.py).check_cams(128) : 'ApplicationWindow' object has no attribute 'threadpool'
2022-12-02 16:02:24,728 - [ERROR] - Controller - (Controller.py).check_cams(128) - 'ApplicationWindow' object has no attribute 'threadpool'
2022-12-02 16:02:24,728 - [ERROR] - Controller - (Controller.py).check_cams(128) - 'ApplicationWindow' object has no attribute 'threadpool'
2022-12-02 16:02:24,728 - [ERROR] - Controller - (Controller.py).check_cams(128) : 'ApplicationWindow' object has no attribute 'threadpool'
2022-12-02 16:02:24,728 - [ERROR] - Controller - (Controller.py).check_cams(128) - 'ApplicationWindow' object has no attribute 'threadpool'
2022-12-02 16:02:24,728 - [ERROR] - Controller - (Controller.py).check_cams(128) - 'ApplicationWindow' object has no attribute 'threadpool'
2022-12-02 16:02:24,728 - [ERROR] - Controller - (Controller.py).check_cams(128) : 'ApplicationWindow' object has no attribute 'threadpool'
2022-12-02 16:02:24,728 - [ERROR] - Controller - (Controller.py).check_cams(128) - 'ApplicationWindow' object has no attribute 'threadpool'
2022-12-02 16:02:24,728 - [ERROR] - Controller - (Controller.py).check_cams(128) - 'ApplicationWindow' object has no attribute 'threadpool'
2022-12-02 16:02:24,728 - [ERROR] - Controller - (Controller.py).check_cams(128) : 'ApplicationWindow' object has no attribute 'threadpool'
2022-12-02 16:02:24,728 - [ERROR] - Controller - (Controller.py).check_cams(128) - 'ApplicationWindow' object has no attribute 'threadpool'
2022-12-02 16:02:24,978 - [INFO] - __main__ - (GBI.py).main(32) - Programm starting!
2022-12-02 16:02:26,993 - [INFO] - __main__ - (Controller.py).readLog(93) - Start process
2022-12-02 16:02:27,087 - [INFO] - __main__ - (Controller.py).readLog(93) - Base Station 1 is enabled
2022-12-02 16:02:27,103 - [INFO] - __main__ - (Controller.py).readLog(93) - Base Station 1 enable!
2022-12-02 16:02:28,165 - [INFO] - __main__ - (Controller.py).readLog(93) - Base Station 2 does not answer
2022-12-02 16:02:29,290 - [INFO] - __main__ - (Controller.py).readLog(93) - Base Station 3 does not answer
2022-12-02 16:02:30,414 - [INFO] - __main__ - (Controller.py).readLog(93) - Base Station 4 does not answer
2022-12-02 16:02:31,539 - [INFO] - __main__ - (Controller.py).readLog(93) - Base Station 5 does not answer
2022-12-02 16:02:32,664 - [INFO] - __main__ - (Controller.py).readLog(93) - Base Station 6 does not answer
2022-12-02 16:02:33,789 - [INFO] - __main__ - (Controller.py).readLog(93) - Base Station 7 does not answer
2022-12-02 16:02:34,913 - [INFO] - __main__ - (Controller.py).readLog(93) - Base Station 8 does not answer
2022-12-02 16:02:35,023 - [INFO] - __main__ - (Controller.py).readResult(182) - Parcel received: 2022-12-02 16:02:35
2022-12-02 16:02:40,047 - [INFO] - __main__ - (Controller.py).readLog(93) - Base Station 1 is enabled
2022-12-02 16:02:41,291 - [INFO] - __main__ - (Controller.py).readLog(93) - Base Station 2 does not answer
2022-12-02 16:02:41,291 - [INFO] - __main__ - (Controller.py).readLog(93) - Exit process
2022-12-02 16:02:53,059 - [INFO] - __main__ - (GBI.py).closeEvent(21) - Exit programm
2022-12-02 16:02:53,110 - [INFO] - __main__ - (Controller.py).readLog(93) - Base Station 3 does not answer
2022-12-02 16:02:53,110 - [INFO] - __main__ - (Controller.py).readLog(93) - Base Station 4 does not answer
2022-12-02 16:02:53,110 - [INFO] - __main__ - (Controller.py).readLog(93) - Base Station 5 does not answer
2022-12-02 16:02:53,110 - [INFO] - __main__ - (Controller.py).readLog(93) - Base Station 6 does not answer
2022-12-02 16:02:53,110 - [INFO] - __main__ - (Controller.py).readLog(93) - Base Station 7 does not answer
2022-12-02 16:02:53,110 - [INFO] - __main__ - (Controller.py).readLog(93) - Base Station 8 does not answer
2022-12-02 16:02:53,110 - [INFO] - __main__ - (Controller.py).readResult(182) - Parcel received: 2022-12-02 16:02:53
2022-12-02 16:03:20,663 - [ERROR] - Controller - (Controller.py).check_cams(128) - 'ApplicationWindow' object has no attribute 'threadpool'
2022-12-02 16:03:20,663 - [ERROR] - Controller - (Controller.py).check_cams(128) : 'ApplicationWindow' object has no attribute 'threadpool'
2022-12-02 16:03:20,663 - [ERROR] - Controller - (Controller.py).check_cams(128) - 'ApplicationWindow' object has no attribute 'threadpool'
2022-12-02 16:03:20,663 - [ERROR] - Controller - (Controller.py).check_cams(128) - 'ApplicationWindow' object has no attribute 'threadpool'
2022-12-02 16:03:20,663 - [ERROR] - Controller - (Controller.py).check_cams(128) : 'ApplicationWindow' object has no attribute 'threadpool'
2022-12-02 16:03:20,663 - [ERROR] - Controller - (Controller.py).check_cams(128) - 'ApplicationWindow' object has no attribute 'threadpool'
2022-12-02 16:03:20,663 - [ERROR] - Controller - (Controller.py).check_cams(128) - 'ApplicationWindow' object has no attribute 'threadpool'
2022-12-02 16:03:20,663 - [ERROR] - Controller - (Controller.py).check_cams(128) : 'ApplicationWindow' object has no attribute 'threadpool'
2022-12-02 16:03:20,663 - [ERROR] - Controller - (Controller.py).check_cams(128) - 'ApplicationWindow' object has no attribute 'threadpool'
2022-12-02 16:03:20,663 - [ERROR] - Controller - (Controller.py).check_cams(128) - 'ApplicationWindow' object has no attribute 'threadpool'
2022-12-02 16:03:20,663 - [ERROR] - Controller - (Controller.py).check_cams(128) : 'ApplicationWindow' object has no attribute 'threadpool'
2022-12-02 16:03:20,663 - [ERROR] - Controller - (Controller.py).check_cams(128) - 'ApplicationWindow' object has no attribute 'threadpool'
2022-12-02 16:03:20,663 - [ERROR] - Controller - (Controller.py).check_cams(128) - 'ApplicationWindow' object has no attribute 'threadpool'
2022-12-02 16:03:20,663 - [ERROR] - Controller - (Controller.py).check_cams(128) : 'ApplicationWindow' object has no attribute 'threadpool'
2022-12-02 16:03:20,663 - [ERROR] - Controller - (Controller.py).check_cams(128) - 'ApplicationWindow' object has no attribute 'threadpool'
2022-12-02 16:03:20,663 - [ERROR] - Controller - (Controller.py).check_cams(128) - 'ApplicationWindow' object has no attribute 'threadpool'
2022-12-02 16:03:20,663 - [ERROR] - Controller - (Controller.py).check_cams(128) : 'ApplicationWindow' object has no attribute 'threadpool'
2022-12-02 16:03:20,663 - [ERROR] - Controller - (Controller.py).check_cams(128) - 'ApplicationWindow' object has no attribute 'threadpool'
2022-12-02 16:03:20,663 - [ERROR] - Controller - (Controller.py).check_cams(128) - 'ApplicationWindow' object has no attribute 'threadpool'
2022-12-02 16:03:20,663 - [ERROR] - Controller - (Controller.py).check_cams(128) : 'ApplicationWindow' object has no attribute 'threadpool'
2022-12-02 16:03:20,663 - [ERROR] - Controller - (Controller.py).check_cams(128) - 'ApplicationWindow' object has no attribute 'threadpool'
2022-12-02 16:03:20,663 - [ERROR] - Controller - (Controller.py).check_cams(128) - 'ApplicationWindow' object has no attribute 'threadpool'
2022-12-02 16:03:20,663 - [ERROR] - Controller - (Controller.py).check_cams(128) : 'ApplicationWindow' object has no attribute 'threadpool'
2022-12-02 16:03:20,663 - [ERROR] - Controller - (Controller.py).check_cams(128) - 'ApplicationWindow' object has no attribute 'threadpool'
2022-12-02 16:03:20,913 - [INFO] - __main__ - (GBI.py).main(32) - Programm starting!
2022-12-02 16:03:20,913 - [INFO] - __main__ - (Controller.py).readLog(93) - Start process
2022-12-02 16:03:20,960 - [INFO] - __main__ - (Controller.py).readLog(93) - Base Station 1 is enabled
2022-12-02 16:03:20,975 - [INFO] - __main__ - (Controller.py).readLog(93) - Base Station 1 enable!
2022-12-02 16:03:22,075 - [INFO] - __main__ - (Controller.py).readLog(93) - Base Station 2 does not answer
2022-12-02 16:03:23,200 - [INFO] - __main__ - (Controller.py).readLog(93) - Base Station 3 does not answer
2022-12-02 16:03:24,325 - [INFO] - __main__ - (Controller.py).readLog(93) - Base Station 4 does not answer
2022-12-02 16:03:25,450 - [INFO] - __main__ - (Controller.py).readLog(93) - Base Station 5 does not answer
2022-12-02 16:03:26,567 - [INFO] - __main__ - (Controller.py).readLog(93) - Base Station 6 does not answer
2022-12-02 16:03:27,692 - [INFO] - __main__ - (Controller.py).readLog(93) - Base Station 7 does not answer
2022-12-02 16:03:28,817 - [INFO] - __main__ - (Controller.py).readLog(93) - Base Station 8 does not answer
2022-12-02 16:03:28,926 - [INFO] - __main__ - (Controller.py).readResult(182) - Parcel received: 2022-12-02 16:03:28
2022-12-02 16:03:31,712 - [INFO] - __main__ - (Controller.py).readLog(93) - Base Station 1 disable!
2022-12-02 16:03:33,933 - [INFO] - __main__ - (Controller.py).readLog(93) - Base Station 1 is disabled
2022-12-02 16:03:35,073 - [INFO] - __main__ - (Controller.py).readLog(93) - Base Station 2 does not answer
2022-12-02 16:03:36,198 - [INFO] - __main__ - (Controller.py).readLog(93) - Base Station 3 does not answer
2022-12-02 16:03:37,323 - [INFO] - __main__ - (Controller.py).readLog(93) - Base Station 4 does not answer
2022-12-02 16:03:38,447 - [INFO] - __main__ - (Controller.py).readLog(93) - Base Station 5 does not answer
2022-12-02 16:03:39,572 - [INFO] - __main__ - (Controller.py).readLog(93) - Base Station 6 does not answer
2022-12-02 16:03:40,697 - [INFO] - __main__ - (Controller.py).readLog(93) - Base Station 7 does not answer
2022-12-02 16:03:41,822 - [INFO] - __main__ - (Controller.py).readLog(93) - Base Station 8 does not answer
2022-12-02 16:03:41,931 - [INFO] - __main__ - (Controller.py).readResult(182) - Parcel received: 2022-12-02 16:03:41
2022-12-02 16:03:45,105 - [INFO] - __main__ - (Controller.py).readLog(93) - Exit process
2022-12-02 16:03:46,933 - [INFO] - __main__ - (GBI.py).closeEvent(21) - Exit programm
2022-12-02 16:04:03,026 - [ERROR] - Controller - (Controller.py).check_cams(128) - 'ApplicationWindow' object has no attribute 'threadpool'
2022-12-02 16:04:03,026 - [ERROR] - Controller - (Controller.py).check_cams(128) : 'ApplicationWindow' object has no attribute 'threadpool'
2022-12-02 16:04:03,026 - [ERROR] - Controller - (Controller.py).check_cams(128) - 'ApplicationWindow' object has no attribute 'threadpool'
2022-12-02 16:04:03,026 - [ERROR] - Controller - (Controller.py).check_cams(128) - 'ApplicationWindow' object has no attribute 'threadpool'
2022-12-02 16:04:03,026 - [ERROR] - Controller - (Controller.py).check_cams(128) : 'ApplicationWindow' object has no attribute 'threadpool'
2022-12-02 16:04:03,026 - [ERROR] - Controller - (Controller.py).check_cams(128) - 'ApplicationWindow' object has no attribute 'threadpool'
2022-12-02 16:04:03,026 - [ERROR] - Controller - (Controller.py).check_cams(128) - 'ApplicationWindow' object has no attribute 'threadpool'
2022-12-02 16:04:03,026 - [ERROR] - Controller - (Controller.py).check_cams(128) : 'ApplicationWindow' object has no attribute 'threadpool'
2022-12-02 16:04:03,026 - [ERROR] - Controller - (Controller.py).check_cams(128) - 'ApplicationWindow' object has no attribute 'threadpool'
2022-12-02 16:04:03,026 - [ERROR] - Controller - (Controller.py).check_cams(128) - 'ApplicationWindow' object has no attribute 'threadpool'
2022-12-02 16:04:03,026 - [ERROR] - Controller - (Controller.py).check_cams(128) : 'ApplicationWindow' object has no attribute 'threadpool'
2022-12-02 16:04:03,026 - [ERROR] - Controller - (Controller.py).check_cams(128) - 'ApplicationWindow' object has no attribute 'threadpool'
2022-12-02 16:04:03,026 - [ERROR] - Controller - (Controller.py).check_cams(128) - 'ApplicationWindow' object has no attribute 'threadpool'
2022-12-02 16:04:03,026 - [ERROR] - Controller - (Controller.py).check_cams(128) : 'ApplicationWindow' object has no attribute 'threadpool'
2022-12-02 16:04:03,026 - [ERROR] - Controller - (Controller.py).check_cams(128) - 'ApplicationWindow' object has no attribute 'threadpool'
2022-12-02 16:04:03,026 - [ERROR] - Controller - (Controller.py).check_cams(128) - 'ApplicationWindow' object has no attribute 'threadpool'
2022-12-02 16:04:03,026 - [ERROR] - Controller - (Controller.py).check_cams(128) : 'ApplicationWindow' object has no attribute 'threadpool'
2022-12-02 16:04:03,026 - [ERROR] - Controller - (Controller.py).check_cams(128) - 'ApplicationWindow' object has no attribute 'threadpool'
2022-12-02 16:04:03,026 - [ERROR] - Controller - (Controller.py).check_cams(128) - 'ApplicationWindow' object has no attribute 'threadpool'
2022-12-02 16:04:03,026 - [ERROR] - Controller - (Controller.py).check_cams(128) : 'ApplicationWindow' object has no attribute 'threadpool'
2022-12-02 16:04:03,026 - [ERROR] - Controller - (Controller.py).check_cams(128) - 'ApplicationWindow' object has no attribute 'threadpool'
2022-12-02 16:04:03,026 - [ERROR] - Controller - (Controller.py).check_cams(128) - 'ApplicationWindow' object has no attribute 'threadpool'
2022-12-02 16:04:03,026 - [ERROR] - Controller - (Controller.py).check_cams(128) : 'ApplicationWindow' object has no attribute 'threadpool'
2022-12-02 16:04:03,026 - [ERROR] - Controller - (Controller.py).check_cams(128) - 'ApplicationWindow' object has no attribute 'threadpool'
2022-12-02 16:04:03,244 - [INFO] - __main__ - (GBI.py).main(32) - Programm starting!
2022-12-02 16:04:03,244 - [INFO] - __main__ - (Controller.py).readLog(93) - Start process
2022-12-02 16:04:03,276 - [INFO] - __main__ - (Controller.py).readLog(93) - Base Station 1 is enabled
2022-12-02 16:04:03,291 - [INFO] - __main__ - (Controller.py).readLog(93) - Base Station 1 enable!
2022-12-02 16:04:04,416 - [INFO] - __main__ - (Controller.py).readLog(93) - Base Station 2 does not answer
2022-12-02 16:04:05,532 - [INFO] - __main__ - (Controller.py).readLog(93) - Base Station 3 does not answer
2022-12-02 16:04:06,657 - [INFO] - __main__ - (Controller.py).readLog(93) - Base Station 4 does not answer
2022-12-02 16:04:07,782 - [INFO] - __main__ - (Controller.py).readLog(93) - Base Station 5 does not answer
2022-12-02 16:04:08,907 - [INFO] - __main__ - (Controller.py).readLog(93) - Base Station 6 does not answer
2022-12-02 16:04:10,031 - [INFO] - __main__ - (Controller.py).readLog(93) - Base Station 7 does not answer
2022-12-02 16:04:11,156 - [INFO] - __main__ - (Controller.py).readLog(93) - Base Station 8 does not answer
2022-12-02 16:04:11,265 - [INFO] - __main__ - (Controller.py).readResult(182) - Parcel received: 2022-12-02 16:04:11
2022-12-02 16:04:16,280 - [INFO] - __main__ - (Controller.py).readLog(93) - Base Station 1 is enabled
2022-12-02 16:04:17,452 - [INFO] - __main__ - (Controller.py).readLog(93) - Base Station 2 does not answer
2022-12-02 16:04:18,576 - [INFO] - __main__ - (Controller.py).readLog(93) - Base Station 3 does not answer
2022-12-02 16:04:19,690 - [INFO] - __main__ - (Controller.py).readLog(93) - Base Station 4 does not answer
2022-12-02 16:04:20,815 - [INFO] - __main__ - (Controller.py).readLog(93) - Base Station 5 does not answer
2022-12-02 16:04:21,940 - [INFO] - __main__ - (Controller.py).readLog(93) - Base Station 6 does not answer
2022-12-02 16:04:23,051 - [INFO] - __main__ - (Controller.py).readLog(93) - Base Station 7 does not answer
2022-12-02 16:04:24,175 - [INFO] - __main__ - (Controller.py).readLog(93) - Base Station 8 does not answer
2022-12-02 16:04:24,285 - [INFO] - __main__ - (Controller.py).readResult(182) - Parcel received: 2022-12-02 16:04:24
2022-12-02 16:04:29,286 - [INFO] - __main__ - (Controller.py).readLog(93) - Base Station 1 is enabled
2022-12-02 16:04:30,458 - [INFO] - __main__ - (Controller.py).readLog(93) - Base Station 2 does not answer
2022-12-02 16:04:31,583 - [INFO] - __main__ - (Controller.py).readLog(93) - Base Station 3 does not answer
2022-12-02 16:04:32,707 - [INFO] - __main__ - (Controller.py).readLog(93) - Base Station 4 does not answer
2022-12-02 16:04:33,822 - [INFO] - __main__ - (Controller.py).readLog(93) - Base Station 5 does not answer
2022-12-02 16:04:34,925 - [INFO] - __main__ - (Controller.py).readLog(93) - Base Station 6 does not answer
2022-12-02 16:04:34,936 - [INFO] - __main__ - (Controller.py).readLog(93) - Base Station 1 disable!
2022-12-02 16:04:36,030 - [INFO] - __main__ - (Controller.py).readLog(93) - Base Station 7 does not answer
2022-12-02 16:04:37,155 - [INFO] - __main__ - (Controller.py).readLog(93) - Base Station 8 does not answer
2022-12-02 16:04:37,264 - [INFO] - __main__ - (Controller.py).readResult(182) - Parcel received: 2022-12-02 16:04:37
2022-12-02 16:04:42,279 - [INFO] - __main__ - (Controller.py).readLog(93) - Base Station 1 is disabled
2022-12-02 16:04:43,419 - [INFO] - __main__ - (Controller.py).readLog(93) - Base Station 2 does not answer
2022-12-02 16:04:44,544 - [INFO] - __main__ - (Controller.py).readLog(93) - Base Station 3 does not answer
2022-12-02 16:04:45,668 - [INFO] - __main__ - (Controller.py).readLog(93) - Base Station 4 does not answer
2022-12-02 16:04:46,793 - [INFO] - __main__ - (Controller.py).readLog(93) - Base Station 5 does not answer
2022-12-02 16:04:47,918 - [INFO] - __main__ - (Controller.py).readLog(93) - Base Station 6 does not answer
2022-12-02 16:04:49,043 - [INFO] - __main__ - (Controller.py).readLog(93) - Base Station 7 does not answer
2022-12-02 16:04:50,167 - [INFO] - __main__ - (Controller.py).readLog(93) - Base Station 8 does not answer
2022-12-02 16:04:50,277 - [INFO] - __main__ - (Controller.py).readResult(182) - Parcel received: 2022-12-02 16:04:50
2022-12-02 16:04:54,729 - [INFO] - __main__ - (Controller.py).readLog(93) - Exit process
2022-12-02 16:04:55,291 - [INFO] - __main__ - (GBI.py).closeEvent(21) - Exit programm
2022-12-02 16:39:13,257 - [ERROR] - Controller - (Controller.py).check_cams(128) - 'ApplicationWindow' object has no attribute 'threadpool'
2022-12-02 16:39:13,257 - [ERROR] - Controller - (Controller.py).check_cams(128) : 'ApplicationWindow' object has no attribute 'threadpool'
2022-12-02 16:39:13,257 - [ERROR] - Controller - (Controller.py).check_cams(128) - 'ApplicationWindow' object has no attribute 'threadpool'
2022-12-02 16:39:13,257 - [ERROR] - Controller - (Controller.py).check_cams(128) - 'ApplicationWindow' object has no attribute 'threadpool'
2022-12-02 16:39:13,257 - [ERROR] - Controller - (Controller.py).check_cams(128) : 'ApplicationWindow' object has no attribute 'threadpool'
2022-12-02 16:39:13,257 - [ERROR] - Controller - (Controller.py).check_cams(128) - 'ApplicationWindow' object has no attribute 'threadpool'
2022-12-02 16:39:13,257 - [ERROR] - Controller - (Controller.py).check_cams(128) - 'ApplicationWindow' object has no attribute 'threadpool'
2022-12-02 16:39:13,257 - [ERROR] - Controller - (Controller.py).check_cams(128) : 'ApplicationWindow' object has no attribute 'threadpool'
2022-12-02 16:39:13,257 - [ERROR] - Controller - (Controller.py).check_cams(128) - 'ApplicationWindow' object has no attribute 'threadpool'
2022-12-02 16:39:13,257 - [ERROR] - Controller - (Controller.py).check_cams(128) - 'ApplicationWindow' object has no attribute 'threadpool'
2022-12-02 16:39:13,257 - [ERROR] - Controller - (Controller.py).check_cams(128) : 'ApplicationWindow' object has no attribute 'threadpool'
2022-12-02 16:39:13,257 - [ERROR] - Controller - (Controller.py).check_cams(128) - 'ApplicationWindow' object has no attribute 'threadpool'
2022-12-02 16:39:13,257 - [ERROR] - Controller - (Controller.py).check_cams(128) - 'ApplicationWindow' object has no attribute 'threadpool'
2022-12-02 16:39:13,257 - [ERROR] - Controller - (Controller.py).check_cams(128) : 'ApplicationWindow' object has no attribute 'threadpool'
2022-12-02 16:39:13,257 - [ERROR] - Controller - (Controller.py).check_cams(128) - 'ApplicationWindow' object has no attribute 'threadpool'
2022-12-02 16:39:13,257 - [ERROR] - Controller - (Controller.py).check_cams(128) - 'ApplicationWindow' object has no attribute 'threadpool'
2022-12-02 16:39:13,257 - [ERROR] - Controller - (Controller.py).check_cams(128) : 'ApplicationWindow' object has no attribute 'threadpool'
2022-12-02 16:39:13,257 - [ERROR] - Controller - (Controller.py).check_cams(128) - 'ApplicationWindow' object has no attribute 'threadpool'
2022-12-02 16:39:13,257 - [ERROR] - Controller - (Controller.py).check_cams(128) - 'ApplicationWindow' object has no attribute 'threadpool'
2022-12-02 16:39:13,257 - [ERROR] - Controller - (Controller.py).check_cams(128) : 'ApplicationWindow' object has no attribute 'threadpool'
2022-12-02 16:39:13,257 - [ERROR] - Controller - (Controller.py).check_cams(128) - 'ApplicationWindow' object has no attribute 'threadpool'
2022-12-02 16:39:13,257 - [ERROR] - Controller - (Controller.py).check_cams(128) - 'ApplicationWindow' object has no attribute 'threadpool'
2022-12-02 16:39:13,257 - [ERROR] - Controller - (Controller.py).check_cams(128) : 'ApplicationWindow' object has no attribute 'threadpool'
2022-12-02 16:39:13,257 - [ERROR] - Controller - (Controller.py).check_cams(128) - 'ApplicationWindow' object has no attribute 'threadpool'
2022-12-02 16:39:13,491 - [INFO] - __main__ - (GBI.py).main(31) - Programm starting!
2022-12-02 16:39:13,491 - [INFO] - __main__ - (Controller.py).readLog(93) - Start process
2022-12-02 16:39:13,538 - [INFO] - __main__ - (Controller.py).readLog(93) - Base Station 1 does not answer
2022-12-02 16:39:14,632 - [INFO] - __main__ - (Controller.py).readLog(93) - Base Station 2 does not answer
2022-12-02 16:39:15,756 - [INFO] - __main__ - (Controller.py).readLog(93) - Base Station 3 does not answer
2022-12-02 16:39:16,881 - [INFO] - __main__ - (Controller.py).readLog(93) - Base Station 4 does not answer
2022-12-02 16:39:18,006 - [INFO] - __main__ - (Controller.py).readLog(93) - Base Station 5 does not answer
2022-12-02 16:39:19,130 - [INFO] - __main__ - (Controller.py).readLog(93) - Base Station 6 does not answer
2022-12-02 16:39:20,252 - [INFO] - __main__ - (Controller.py).readLog(93) - Base Station 7 does not answer
2022-12-02 16:39:21,377 - [INFO] - __main__ - (Controller.py).readLog(93) - Base Station 8 does not answer
2022-12-02 16:39:21,486 - [INFO] - __main__ - (Controller.py).readResult(182) - Parcel received: 2022-12-02 16:39:21
2022-12-02 16:39:26,501 - [INFO] - __main__ - (Controller.py).readLog(93) - Base Station 1 does not answer
2022-12-02 16:39:27,641 - [INFO] - __main__ - (Controller.py).readLog(93) - Base Station 2 does not answer
2022-12-02 16:39:28,766 - [INFO] - __main__ - (Controller.py).readLog(93) - Base Station 3 does not answer
2022-12-02 16:39:29,891 - [INFO] - __main__ - (Controller.py).readLog(93) - Base Station 4 does not answer
2022-12-02 16:39:31,015 - [INFO] - __main__ - (Controller.py).readLog(93) - Base Station 5 does not answer
2022-12-02 16:39:32,140 - [INFO] - __main__ - (Controller.py).readLog(93) - Base Station 6 does not answer
2022-12-02 16:39:33,265 - [INFO] - __main__ - (Controller.py).readLog(93) - Base Station 7 does not answer
2022-12-02 16:39:34,376 - [INFO] - __main__ - (Controller.py).readLog(93) - Base Station 8 does not answer
2022-12-02 16:39:34,485 - [INFO] - __main__ - (Controller.py).readResult(182) - Parcel received: 2022-12-02 16:39:34
2022-12-02 16:39:36,801 - [INFO] - __main__ - (Controller.py).readLog(93) - Base Station 1 enable!
2022-12-02 16:39:39,505 - [INFO] - __main__ - (Controller.py).readLog(93) - Base Station 1 does not answer
2022-12-02 16:39:40,618 - [INFO] - __main__ - (Controller.py).readLog(93) - Base Station 2 does not answer
2022-12-02 16:39:41,743 - [INFO] - __main__ - (Controller.py).readLog(93) - Base Station 3 does not answer
2022-12-02 16:39:42,867 - [INFO] - __main__ - (Controller.py).readLog(93) - Base Station 4 does not answer
2022-12-02 16:39:43,992 - [INFO] - __main__ - (Controller.py).readLog(93) - Base Station 5 does not answer
2022-12-02 16:39:45,117 - [INFO] - __main__ - (Controller.py).readLog(93) - Base Station 6 does not answer
2022-12-02 16:39:46,241 - [INFO] - __main__ - (Controller.py).readLog(93) - Base Station 7 does not answer
2022-12-02 16:39:47,366 - [INFO] - __main__ - (Controller.py).readLog(93) - Base Station 8 does not answer
2022-12-02 16:39:47,476 - [INFO] - __main__ - (Controller.py).readResult(182) - Parcel received: 2022-12-02 16:39:47
2022-12-02 16:39:52,490 - [INFO] - __main__ - (Controller.py).readLog(93) - Base Station 1 does not answer
2022-12-02 16:39:53,630 - [INFO] - __main__ - (Controller.py).readLog(93) - Base Station 2 does not answer
2022-12-02 16:39:54,755 - [INFO] - __main__ - (Controller.py).readLog(93) - Base Station 3 does not answer
2022-12-02 16:39:55,874 - [INFO] - __main__ - (Controller.py).readLog(93) - Base Station 4 does not answer
2022-12-02 16:39:56,999 - [INFO] - __main__ - (Controller.py).readLog(93) - Base Station 5 does not answer
2022-12-02 16:39:58,123 - [INFO] - __main__ - (Controller.py).readLog(93) - Base Station 6 does not answer
2022-12-02 16:39:58,686 - [INFO] - __main__ - (Controller.py).readLog(93) - Exit process
2022-12-02 16:40:05,497 - [INFO] - __main__ - (GBI.py).closeEvent(20) - Exit programm
2022-12-02 16:40:05,527 - [INFO] - __main__ - (Controller.py).readLog(93) - Base Station 7 does not answer
2022-12-02 16:40:05,527 - [INFO] - __main__ - (Controller.py).readLog(93) - Base Station 8 does not answer
2022-12-02 16:40:05,528 - [INFO] - __main__ - (Controller.py).readResult(182) - Parcel received: 2022-12-02 16:40:05
2022-12-02 17:13:14,026 - [INFO] - __main__ - (GBI.py).main(31) - Программа запущена
2022-12-02 17:13:14,026 - [INFO] - __main__ - (GBI.py).main(36) - Отсутствует подключение по порту: COM6
2022-12-02 17:13:22,001 - [ERROR] - __main__ - (GBI.py).closeEvent(23) - 'ApplicationWindow' object has no attribute 'threadpool'
2022-12-02 17:13:22,001 - [ERROR] - __main__ - (GBI.py).closeEvent(23) : 'ApplicationWindow' object has no attribute 'threadpool'
2022-12-02 17:13:22,001 - [ERROR] - __main__ - (GBI.py).closeEvent(23) - 'ApplicationWindow' object has no attribute 'threadpool'
