2022-11-09 13:27:29,901 - [ERROR] - View - (View.py).check_cam(68) - native Qt signal is not callable
2022-11-09 13:27:29,901 - [ERROR] - View - (View.py).check_cam(68) : native Qt signal is not callable
2022-11-09 13:27:29,901 - [ERROR] - View - (View.py).check_cam(68) - native Qt signal is not callable
2022-11-09 13:27:30,310 - [INFO] - __main__ - (GBI.py).main(36) - Programm starting!
2022-11-09 13:27:49,396 - [INFO] - __main__ - (View.py).readLog(72) - Exit process
2022-11-09 13:27:49,464 - [INFO] - __main__ - (GBI.py).closeEvent(20) - Exit programm
2022-11-09 13:52:35,510 - [INFO] - __main__ - (GBI.py).main(36) - Programm starting!
2022-11-09 13:52:55,710 - [INFO] - __main__ - (View.py).readLog(79) - Exit process
2022-11-09 13:52:56,682 - [INFO] - __main__ - (GBI.py).closeEvent(20) - Exit programm
2022-11-09 13:56:48,688 - [INFO] - __main__ - (GBI.py).main(36) - Programm starting!
2022-11-09 13:57:01,017 - [INFO] - __main__ - (View.py).readLog(80) - Exit process
2022-11-09 13:57:01,763 - [INFO] - __main__ - (GBI.py).closeEvent(20) - Exit programm
2022-11-09 13:57:14,894 - [ERROR] - View - (View.py).check_cam(66) - toggle(self): too many arguments
2022-11-09 13:57:14,894 - [ERROR] - View - (View.py).check_cam(66) : toggle(self): too many arguments
2022-11-09 13:57:14,894 - [ERROR] - View - (View.py).check_cam(66) - toggle(self): too many arguments
2022-11-09 13:57:15,140 - [INFO] - __main__ - (GBI.py).main(36) - Programm starting!
2022-11-09 13:57:18,254 - [INFO] - __main__ - (View.py).readLog(80) - Exit process
2022-11-09 13:57:19,176 - [INFO] - __main__ - (GBI.py).closeEvent(20) - Exit programm
2022-11-09 14:01:17,182 - [INFO] - __main__ - (GBI.py).main(36) - Programm starting!
2022-11-09 14:01:57,355 - [INFO] - __main__ - (View.py).readLog(81) - Exit process
2022-11-09 14:01:57,460 - [INFO] - __main__ - (GBI.py).closeEvent(20) - Exit programm
2022-11-09 14:03:16,525 - [INFO] - __main__ - (GBI.py).main(36) - Programm starting!
2022-11-09 14:03:31,776 - [INFO] - __main__ - (View.py).readLog(81) - Exit process
2022-11-09 14:03:32,674 - [INFO] - __main__ - (GBI.py).closeEvent(20) - Exit programm
2022-11-09 14:06:12,381 - [INFO] - __main__ - (GBI.py).main(36) - Programm starting!
2022-11-09 14:06:23,942 - [INFO] - __main__ - (View.py).readLog(81) - Exit process
2022-11-09 14:06:24,488 - [INFO] - __main__ - (GBI.py).closeEvent(20) - Exit programm
2022-11-09 14:06:36,099 - [INFO] - __main__ - (GBI.py).main(36) - Programm starting!
2022-11-09 14:06:47,486 - [INFO] - __main__ - (View.py).readLog(81) - Exit process
2022-11-09 14:06:48,185 - [INFO] - __main__ - (GBI.py).closeEvent(20) - Exit programm
2022-11-09 14:29:51,959 - [INFO] - __main__ - (GBI.py).main(36) - Programm starting!
2022-11-09 14:30:05,851 - [INFO] - __main__ - (View.py).readLog(88) - Exit process
2022-11-09 14:30:05,987 - [INFO] - __main__ - (GBI.py).closeEvent(20) - Exit programm
