2022-11-11 11:58:37,606 - [INFO] - __main__ - (GBI.py).main(36) - Programm starting!
2022-11-11 11:58:37,606 - [INFO] - __main__ - (View.py).readLog(51) - Start process
2022-11-11 11:58:47,910 - [INFO] - __main__ - (View.py).readLog(51) - Exit process
2022-11-11 11:58:48,550 - [INFO] - __main__ - (GBI.py).closeEvent(20) - Exit programm
2022-11-11 12:06:59,984 - [INFO] - __main__ - (GBI.py).main(36) - Programm starting!
2022-11-11 12:06:59,984 - [INFO] - __main__ - (View.py).readLog(51) - Start process
2022-11-11 12:07:06,894 - [INFO] - __main__ - (View.py).readLog(51) - Cam 1 is enabled!
2022-11-11 12:07:27,544 - [INFO] - __main__ - (View.py).readLog(51) - Exit process
2022-11-11 12:07:32,386 - [INFO] - __main__ - (GBI.py).closeEvent(20) - Exit programm
2022-11-11 12:09:33,053 - [INFO] - __main__ - (GBI.py).main(36) - Programm starting!
2022-11-11 12:09:33,053 - [INFO] - __main__ - (View.py).readLog(51) - Start process
2022-11-11 12:09:41,482 - [INFO] - __main__ - (View.py).readLog(51) - Cam 2 is enabled!
2022-11-11 12:09:47,098 - [INFO] - __main__ - (View.py).readLog(51) - Cam 2 is disabled!
2022-11-11 12:09:56,366 - [INFO] - __main__ - (View.py).readLog(51) - Cam 1 is enabled!
2022-11-11 12:10:03,476 - [INFO] - __main__ - (View.py).readLog(51) - Cam 3 is enabled!
2022-11-11 12:10:08,907 - [INFO] - __main__ - (View.py).readLog(51) - Cam 3 is disabled!
2022-11-11 12:10:13,334 - [INFO] - __main__ - (View.py).readLog(51) - Exit process
2022-11-11 12:10:16,036 - [INFO] - __main__ - (GBI.py).closeEvent(20) - Exit programm
2022-11-11 12:54:55,788 - [INFO] - __main__ - (GBI.py).main(36) - Programm starting!
2022-11-11 12:54:55,788 - [INFO] - __main__ - (View.py).readLog(51) - Start process
2022-11-11 12:55:00,898 - [INFO] - __main__ - (View.py).readLog(51) - Cam 2 is enabled!
2022-11-11 12:55:10,396 - [INFO] - __main__ - (View.py).readLog(51) - Cam 2 is disabled!
2022-11-11 12:55:15,866 - [INFO] - __main__ - (View.py).readLog(51) - Exit process
2022-11-11 12:55:18,100 - [INFO] - __main__ - (GBI.py).closeEvent(20) - Exit programm
2022-11-11 12:58:09,928 - [INFO] - __main__ - (GBI.py).main(36) - Programm starting!
2022-11-11 12:58:09,928 - [INFO] - __main__ - (View.py).readLog(51) - Start process
2022-11-11 13:03:13,213 - [INFO] - __main__ - (GBI.py).main(36) - Programm starting!
2022-11-11 13:03:13,213 - [INFO] - __main__ - (View.py).readLog(51) - Start process
2022-11-11 13:08:19,499 - [INFO] - __main__ - (GBI.py).main(36) - Programm starting!
2022-11-11 13:08:19,499 - [INFO] - __main__ - (View.py).readLog(51) - Start process
2022-11-11 13:08:24,519 - [INFO] - __main__ - (View.py).readLog(51) - Exit process
2022-11-11 13:08:24,816 - [INFO] - __main__ - (GBI.py).closeEvent(20) - Exit programm
2022-11-11 13:10:03,628 - [INFO] - __main__ - (GBI.py).main(36) - Programm starting!
2022-11-11 13:10:03,628 - [INFO] - __main__ - (View.py).readLog(51) - Start process
2022-11-11 13:10:06,472 - [INFO] - __main__ - (View.py).readLog(51) - Exit process
2022-11-11 13:10:08,955 - [INFO] - __main__ - (GBI.py).closeEvent(20) - Exit programm
2022-11-11 13:42:44,954 - [INFO] - __main__ - (GBI.py).main(36) - Programm starting!
2022-11-11 13:42:44,954 - [INFO] - __main__ - (View.py).readLog(51) - Start process
2022-11-11 13:45:36,551 - [INFO] - __main__ - (GBI.py).main(36) - Programm starting!
2022-11-11 13:45:36,551 - [INFO] - __main__ - (View.py).readLog(51) - Start process
2022-11-11 13:45:38,769 - [INFO] - __main__ - (View.py).readResult(84) - Parcel received: 2022-11-11 13:45:38
2022-11-11 13:45:38,769 - [ERROR] - __main__ - (View.py).readResult(97) - list index out of range
2022-11-11 13:45:38,769 - [ERROR] - __main__ - (View.py).readResult(97) : list index out of range
2022-11-11 13:45:38,769 - [ERROR] - __main__ - (View.py).readResult(97) - list index out of range
2022-11-11 13:45:46,002 - [INFO] - __main__ - (View.py).readResult(84) - Parcel received: 2022-11-11 13:45:46
2022-11-11 13:45:46,002 - [ERROR] - __main__ - (View.py).readResult(97) - list index out of range
2022-11-11 13:45:46,002 - [ERROR] - __main__ - (View.py).readResult(97) : list index out of range
2022-11-11 13:45:46,002 - [ERROR] - __main__ - (View.py).readResult(97) - list index out of range
2022-11-11 13:45:53,234 - [INFO] - __main__ - (View.py).readResult(84) - Parcel received: 2022-11-11 13:45:53
2022-11-11 13:45:53,234 - [ERROR] - __main__ - (View.py).readResult(97) - list index out of range
2022-11-11 13:45:53,234 - [ERROR] - __main__ - (View.py).readResult(97) : list index out of range
2022-11-11 13:45:53,234 - [ERROR] - __main__ - (View.py).readResult(97) - list index out of range
2022-11-11 13:45:56,734 - [INFO] - __main__ - (View.py).readLog(51) - Exit process
2022-11-11 13:45:58,249 - [INFO] - __main__ - (GBI.py).closeEvent(20) - Exit programm
2022-11-11 13:46:26,892 - [INFO] - __main__ - (GBI.py).main(36) - Programm starting!
2022-11-11 13:46:26,892 - [INFO] - __main__ - (View.py).readLog(51) - Start process
2022-11-11 13:46:27,111 - [INFO] - __main__ - (View.py).readResult(84) - Parcel received: 2022-11-11 13:46:27
2022-11-11 13:46:27,111 - [ERROR] - __main__ - (View.py).readResult(97) - list index out of range
2022-11-11 13:46:27,111 - [ERROR] - __main__ - (View.py).readResult(97) : list index out of range
2022-11-11 13:46:27,111 - [ERROR] - __main__ - (View.py).readResult(97) - list index out of range
2022-11-11 13:46:32,345 - [INFO] - __main__ - (View.py).readResult(84) - Parcel received: 2022-11-11 13:46:32
2022-11-11 13:46:32,345 - [ERROR] - __main__ - (View.py).readResult(97) - list index out of range
2022-11-11 13:46:32,345 - [ERROR] - __main__ - (View.py).readResult(97) : list index out of range
2022-11-11 13:46:32,345 - [ERROR] - __main__ - (View.py).readResult(97) - list index out of range
2022-11-11 13:46:34,251 - [INFO] - __main__ - (View.py).readLog(51) - Exit process
2022-11-11 13:46:37,359 - [INFO] - __main__ - (GBI.py).closeEvent(20) - Exit programm
2022-11-11 13:46:59,214 - [INFO] - __main__ - (GBI.py).main(36) - Programm starting!
2022-11-11 13:46:59,214 - [INFO] - __main__ - (View.py).readLog(51) - Start process
2022-11-11 13:46:59,464 - [INFO] - __main__ - (View.py).readResult(84) - Parcel received: 2022-11-11 13:46:59
2022-11-11 13:46:59,464 - [ERROR] - __main__ - (View.py).readResult(97) - list index out of range
2022-11-11 13:46:59,464 - [ERROR] - __main__ - (View.py).readResult(97) : list index out of range
2022-11-11 13:46:59,464 - [ERROR] - __main__ - (View.py).readResult(97) - list index out of range
2022-11-11 13:47:03,073 - [INFO] - __main__ - (View.py).readLog(51) - Exit process
2022-11-11 13:47:04,479 - [INFO] - __main__ - (GBI.py).closeEvent(20) - Exit programm
2022-11-11 13:47:20,711 - [INFO] - __main__ - (GBI.py).main(36) - Programm starting!
2022-11-11 13:47:20,711 - [INFO] - __main__ - (View.py).readLog(51) - Start process
2022-11-11 13:47:20,929 - [INFO] - __main__ - (View.py).readResult(85) - Parcel received: 2022-11-11 13:47:20
2022-11-11 13:47:20,929 - [ERROR] - __main__ - (View.py).readResult(98) - list index out of range
2022-11-11 13:47:20,929 - [ERROR] - __main__ - (View.py).readResult(98) : list index out of range
2022-11-11 13:47:20,929 - [ERROR] - __main__ - (View.py).readResult(98) - list index out of range
2022-11-11 13:47:26,152 - [INFO] - __main__ - (View.py).readResult(85) - Parcel received: 2022-11-11 13:47:26
2022-11-11 13:47:26,152 - [ERROR] - __main__ - (View.py).readResult(98) - list index out of range
2022-11-11 13:47:26,152 - [ERROR] - __main__ - (View.py).readResult(98) : list index out of range
2022-11-11 13:47:26,152 - [ERROR] - __main__ - (View.py).readResult(98) - list index out of range
2022-11-11 13:47:31,385 - [INFO] - __main__ - (View.py).readResult(85) - Parcel received: 2022-11-11 13:47:31
2022-11-11 13:47:31,385 - [ERROR] - __main__ - (View.py).readResult(98) - list index out of range
2022-11-11 13:47:31,385 - [ERROR] - __main__ - (View.py).readResult(98) : list index out of range
2022-11-11 13:47:31,385 - [ERROR] - __main__ - (View.py).readResult(98) - list index out of range
2022-11-11 13:47:45,616 - [INFO] - __main__ - (GBI.py).main(36) - Programm starting!
2022-11-11 13:47:45,616 - [INFO] - __main__ - (View.py).readLog(51) - Start process
2022-11-11 13:47:47,866 - [INFO] - __main__ - (View.py).readResult(85) - Parcel received: 2022-11-11 13:47:47
2022-11-11 13:47:47,866 - [ERROR] - __main__ - (View.py).readResult(98) - list index out of range
2022-11-11 13:47:47,866 - [ERROR] - __main__ - (View.py).readResult(98) : list index out of range
2022-11-11 13:47:47,866 - [ERROR] - __main__ - (View.py).readResult(98) - list index out of range
2022-11-11 13:47:55,094 - [INFO] - __main__ - (View.py).readResult(85) - Parcel received: 2022-11-11 13:47:55
2022-11-11 13:47:55,094 - [ERROR] - __main__ - (View.py).readResult(98) - list index out of range
2022-11-11 13:47:55,094 - [ERROR] - __main__ - (View.py).readResult(98) : list index out of range
2022-11-11 13:47:55,094 - [ERROR] - __main__ - (View.py).readResult(98) - list index out of range
2022-11-11 13:48:02,316 - [INFO] - __main__ - (View.py).readResult(85) - Parcel received: 2022-11-11 13:48:02
2022-11-11 13:48:02,316 - [ERROR] - __main__ - (View.py).readResult(98) - list index out of range
2022-11-11 13:48:02,316 - [ERROR] - __main__ - (View.py).readResult(98) : list index out of range
2022-11-11 13:48:02,316 - [ERROR] - __main__ - (View.py).readResult(98) - list index out of range
2022-11-11 15:05:46,875 - [INFO] - __main__ - (GBI.py).main(36) - Programm starting!
2022-11-11 15:05:46,875 - [INFO] - __main__ - (View.py).readLog(51) - Start process
2022-11-11 15:05:47,390 - [INFO] - __main__ - (View.py).readResult(85) - Parcel received: 2022-11-11 15:05:47
2022-11-11 15:05:47,391 - [ERROR] - __main__ - (View.py).convertMsgTemp(143) - 'DataSens' object has no attribute 'temp'
2022-11-11 15:05:47,391 - [ERROR] - __main__ - (View.py).convertMsgTemp(143) : 'DataSens' object has no attribute 'temp'
2022-11-11 15:05:47,391 - [ERROR] - __main__ - (View.py).convertMsgTemp(143) - 'DataSens' object has no attribute 'temp'
2022-11-11 15:05:52,917 - [INFO] - __main__ - (View.py).readResult(85) - Parcel received: 2022-11-11 15:05:52
2022-11-11 15:05:52,918 - [ERROR] - __main__ - (View.py).convertMsgTemp(143) - 'DataSens' object has no attribute 'temp'
2022-11-11 15:05:52,918 - [ERROR] - __main__ - (View.py).convertMsgTemp(143) : 'DataSens' object has no attribute 'temp'
2022-11-11 15:05:52,918 - [ERROR] - __main__ - (View.py).convertMsgTemp(143) - 'DataSens' object has no attribute 'temp'
2022-11-11 15:05:58,437 - [INFO] - __main__ - (View.py).readResult(85) - Parcel received: 2022-11-11 15:05:58
2022-11-11 15:05:58,438 - [ERROR] - __main__ - (View.py).convertMsgTemp(143) - 'DataSens' object has no attribute 'temp'
2022-11-11 15:05:58,438 - [ERROR] - __main__ - (View.py).convertMsgTemp(143) : 'DataSens' object has no attribute 'temp'
2022-11-11 15:05:58,438 - [ERROR] - __main__ - (View.py).convertMsgTemp(143) - 'DataSens' object has no attribute 'temp'
2022-11-11 15:06:04,008 - [INFO] - __main__ - (View.py).readResult(85) - Parcel received: 2022-11-11 15:06:04
2022-11-11 15:06:04,008 - [ERROR] - __main__ - (View.py).convertMsgTemp(143) - 'DataSens' object has no attribute 'temp'
2022-11-11 15:06:04,008 - [ERROR] - __main__ - (View.py).convertMsgTemp(143) : 'DataSens' object has no attribute 'temp'
2022-11-11 15:06:04,008 - [ERROR] - __main__ - (View.py).convertMsgTemp(143) - 'DataSens' object has no attribute 'temp'
2022-11-11 15:06:04,927 - [INFO] - __main__ - (View.py).readLog(51) - Exit process
2022-11-11 15:06:09,022 - [INFO] - __main__ - (GBI.py).closeEvent(20) - Exit programm
2022-11-11 15:11:23,585 - [INFO] - __main__ - (GBI.py).main(36) - Programm starting!
2022-11-11 15:11:23,585 - [INFO] - __main__ - (View.py).readLog(51) - Start process
2022-11-11 15:11:24,131 - [INFO] - __main__ - (View.py).readResult(85) - Parcel received: 2022-11-11 15:11:24
2022-11-11 15:11:29,663 - [INFO] - __main__ - (View.py).readResult(85) - Parcel received: 2022-11-11 15:11:29
2022-11-11 15:11:32,985 - [INFO] - __main__ - (View.py).readLog(51) - Exit process
2022-11-11 15:11:34,679 - [INFO] - __main__ - (GBI.py).closeEvent(20) - Exit programm
2022-11-11 15:12:32,444 - [INFO] - __main__ - (GBI.py).main(36) - Programm starting!
2022-11-11 15:12:32,444 - [INFO] - __main__ - (View.py).readLog(51) - Start process
2022-11-11 15:12:33,007 - [INFO] - __main__ - (View.py).readResult(85) - Parcel received: 2022-11-11 15:12:33
2022-11-11 15:12:36,950 - [INFO] - __main__ - (View.py).readLog(51) - Exit process
2022-11-11 15:12:38,019 - [INFO] - __main__ - (GBI.py).closeEvent(20) - Exit programm
2022-11-11 15:17:47,212 - [INFO] - __main__ - (GBI.py).main(36) - Programm starting!
2022-11-11 15:17:47,212 - [INFO] - __main__ - (View.py).readLog(51) - Start process
2022-11-11 15:17:47,767 - [INFO] - __main__ - (View.py).readResult(85) - Parcel received: 2022-11-11 15:17:47
2022-11-11 15:19:28,810 - [INFO] - __main__ - (View.py).readResult(85) - Parcel received: 2022-11-11 15:19:28
2022-11-11 15:22:41,591 - [INFO] - __main__ - (GBI.py).main(36) - Programm starting!
2022-11-11 15:22:41,593 - [INFO] - __main__ - (View.py).readLog(51) - Start process
2022-11-11 15:22:43,117 - [INFO] - __main__ - (View.py).readResult(85) - Parcel received: 2022-11-11 15:22:43
2022-11-11 15:23:01,501 - [INFO] - __main__ - (View.py).readResult(85) - Parcel received: 2022-11-11 15:23:01
2022-11-11 15:24:10,596 - [INFO] - __main__ - (GBI.py).main(36) - Programm starting!
2022-11-11 15:24:10,597 - [INFO] - __main__ - (View.py).readLog(51) - Start process
2022-11-11 15:24:11,136 - [INFO] - __main__ - (View.py).readResult(85) - Parcel received: 2022-11-11 15:24:11
2022-11-11 15:24:16,685 - [INFO] - __main__ - (View.py).readResult(85) - Parcel received: 2022-11-11 15:24:16
2022-11-11 15:24:22,229 - [INFO] - __main__ - (View.py).readResult(85) - Parcel received: 2022-11-11 15:24:22
2022-11-11 15:24:27,766 - [INFO] - __main__ - (View.py).readResult(85) - Parcel received: 2022-11-11 15:24:27
2022-11-11 15:24:30,093 - [INFO] - __main__ - (View.py).readLog(51) - Exit process
2022-11-11 15:24:32,779 - [INFO] - __main__ - (GBI.py).closeEvent(20) - Exit programm
2022-11-11 15:33:45,290 - [INFO] - __main__ - (GBI.py).main(36) - Programm starting!
2022-11-11 15:33:45,291 - [INFO] - __main__ - (View.py).readLog(51) - Start process
2022-11-11 15:33:45,838 - [INFO] - __main__ - (View.py).readResult(85) - Parcel received: 2022-11-11 15:33:45
2022-11-11 15:33:47,838 - [INFO] - __main__ - (View.py).readLog(51) - Exit process
2022-11-11 15:33:50,848 - [INFO] - __main__ - (GBI.py).closeEvent(20) - Exit programm
2022-11-11 15:39:59,337 - [INFO] - __main__ - (GBI.py).main(36) - Programm starting!
2022-11-11 15:39:59,353 - [INFO] - __main__ - (View.py).readLog(51) - Start process
2022-11-11 15:39:59,853 - [INFO] - __main__ - (View.py).readResult(85) - Parcel received: 2022-11-11 15:39:59
2022-11-11 15:41:04,570 - [INFO] - __main__ - (GBI.py).main(36) - Programm starting!
2022-11-11 15:41:04,570 - [INFO] - __main__ - (View.py).readLog(51) - Start process
2022-11-11 15:41:06,095 - [INFO] - __main__ - (View.py).readResult(85) - Parcel received: 2022-11-11 15:41:06
2022-11-11 15:49:10,458 - [INFO] - __main__ - (GBI.py).main(36) - Programm starting!
2022-11-11 15:49:10,458 - [INFO] - __main__ - (View.py).readLog(51) - Start process
2022-11-11 15:49:11,020 - [INFO] - __main__ - (View.py).readResult(85) - Parcel received: 2022-11-11 15:49:11
2022-11-11 15:49:16,534 - [INFO] - __main__ - (View.py).readResult(85) - Parcel received: 2022-11-11 15:49:16
2022-11-11 15:49:18,271 - [INFO] - __main__ - (View.py).readLog(51) - Exit process
2022-11-11 15:49:21,551 - [INFO] - __main__ - (GBI.py).closeEvent(20) - Exit programm
2022-11-11 15:50:02,876 - [INFO] - __main__ - (GBI.py).main(36) - Programm starting!
2022-11-11 15:50:02,876 - [INFO] - __main__ - (View.py).readLog(51) - Start process
2022-11-11 15:50:03,394 - [INFO] - __main__ - (View.py).readResult(85) - Parcel received: 2022-11-11 15:50:03
2022-11-11 15:50:08,965 - [INFO] - __main__ - (View.py).readResult(85) - Parcel received: 2022-11-11 15:50:08
2022-11-11 16:11:40,979 - [INFO] - __main__ - (GBI.py).main(36) - Programm starting!
2022-11-11 16:11:40,979 - [INFO] - __main__ - (View.py).readLog(51) - Start process
2022-11-11 16:11:41,510 - [INFO] - __main__ - (View.py).readResult(85) - Parcel received: 2022-11-11 16:11:41
2022-11-11 16:11:47,024 - [INFO] - __main__ - (View.py).readResult(85) - Parcel received: 2022-11-11 16:11:47
2022-11-11 16:11:49,414 - [INFO] - __main__ - (View.py).readLog(51) - Exit process
2022-11-11 16:11:52,036 - [INFO] - __main__ - (GBI.py).closeEvent(20) - Exit programm
2022-11-11 16:14:49,239 - [INFO] - __main__ - (GBI.py).main(36) - Programm starting!
2022-11-11 16:14:49,239 - [INFO] - __main__ - (View.py).readLog(51) - Start process
2022-11-11 16:14:49,848 - [INFO] - __main__ - (View.py).readResult(85) - Parcel received: 2022-11-11 16:14:49
2022-11-11 16:20:38,398 - [INFO] - __main__ - (GBI.py).main(36) - Programm starting!
2022-11-11 16:20:38,398 - [INFO] - __main__ - (View.py).readLog(51) - Start process
2022-11-11 16:20:38,913 - [INFO] - __main__ - (View.py).readResult(85) - Parcel received: 2022-11-11 16:20:38
2022-11-11 16:20:44,424 - [INFO] - __main__ - (View.py).readResult(85) - Parcel received: 2022-11-11 16:20:44
2022-11-11 16:20:45,751 - [INFO] - __main__ - (View.py).readLog(51) - Exit process
2022-11-11 16:20:49,438 - [INFO] - __main__ - (GBI.py).closeEvent(20) - Exit programm
2022-11-11 16:37:01,423 - [INFO] - __main__ - (GBI.py).main(36) - Programm starting!
2022-11-11 16:37:01,423 - [INFO] - __main__ - (View.py).readLog(51) - Start process
2022-11-11 16:37:02,985 - [INFO] - __main__ - (View.py).readResult(85) - Parcel received: 2022-11-11 16:37:02
2022-11-11 16:37:05,885 - [INFO] - __main__ - (View.py).readLog(51) - Exit process
2022-11-11 16:37:07,994 - [INFO] - __main__ - (GBI.py).closeEvent(20) - Exit programm
2022-11-11 16:37:29,335 - [INFO] - __main__ - (GBI.py).main(36) - Programm starting!
2022-11-11 16:37:29,335 - [INFO] - __main__ - (View.py).readLog(51) - Start process
2022-11-11 16:37:29,835 - [INFO] - __main__ - (View.py).readResult(85) - Parcel received: 2022-11-11 16:37:29
2022-11-11 16:37:35,349 - [INFO] - __main__ - (View.py).readResult(85) - Parcel received: 2022-11-11 16:37:35
2022-11-11 16:37:40,857 - [INFO] - __main__ - (View.py).readResult(85) - Parcel received: 2022-11-11 16:37:40
2022-11-11 16:37:42,444 - [INFO] - __main__ - (View.py).readLog(51) - Exit process
2022-11-11 16:37:45,865 - [INFO] - __main__ - (GBI.py).closeEvent(20) - Exit programm
2022-11-11 16:40:29,788 - [INFO] - __main__ - (GBI.py).main(36) - Programm starting!
2022-11-11 16:40:29,788 - [INFO] - __main__ - (View.py).readLog(51) - Start process
2022-11-11 16:40:30,334 - [INFO] - __main__ - (View.py).readResult(85) - Parcel received: 2022-11-11 16:40:30
2022-11-11 16:40:35,847 - [INFO] - __main__ - (View.py).readResult(85) - Parcel received: 2022-11-11 16:40:35
2022-11-11 16:40:37,251 - [INFO] - __main__ - (View.py).readLog(51) - Exit process
2022-11-11 16:40:40,860 - [INFO] - __main__ - (GBI.py).closeEvent(20) - Exit programm
2022-11-11 16:41:45,746 - [INFO] - __main__ - (GBI.py).main(36) - Programm starting!
2022-11-11 16:41:45,746 - [INFO] - __main__ - (View.py).readLog(51) - Start process
2022-11-11 16:41:46,246 - [INFO] - __main__ - (View.py).readResult(85) - Parcel received: 2022-11-11 16:41:46
2022-11-11 16:41:51,745 - [INFO] - __main__ - (View.py).readResult(85) - Parcel received: 2022-11-11 16:41:51
2022-11-11 16:41:52,214 - [INFO] - __main__ - (View.py).readLog(51) - Exit process
2022-11-11 16:41:56,759 - [INFO] - __main__ - (GBI.py).closeEvent(20) - Exit programm
2022-11-11 16:42:10,028 - [INFO] - __main__ - (GBI.py).main(36) - Programm starting!
2022-11-11 16:42:10,028 - [INFO] - __main__ - (View.py).readLog(51) - Start process
2022-11-11 16:42:10,497 - [INFO] - __main__ - (View.py).readResult(85) - Parcel received: 2022-11-11 16:42:10
2022-11-11 16:42:10,497 - [ERROR] - __main__ - (View.py).readResult(99) - list index out of range
2022-11-11 16:42:10,497 - [ERROR] - __main__ - (View.py).readResult(99) : list index out of range
2022-11-11 16:42:10,497 - [ERROR] - __main__ - (View.py).readResult(99) - list index out of range
2022-11-11 16:42:15,964 - [INFO] - __main__ - (View.py).readResult(85) - Parcel received: 2022-11-11 16:42:15
2022-11-11 16:42:15,964 - [ERROR] - __main__ - (View.py).readResult(99) - list index out of range
2022-11-11 16:42:15,964 - [ERROR] - __main__ - (View.py).readResult(99) : list index out of range
2022-11-11 16:42:15,964 - [ERROR] - __main__ - (View.py).readResult(99) - list index out of range
2022-11-11 16:42:17,323 - [INFO] - __main__ - (View.py).readLog(51) - Exit process
2022-11-11 16:42:20,978 - [INFO] - __main__ - (GBI.py).closeEvent(20) - Exit programm
2022-11-11 16:44:01,785 - [INFO] - __main__ - (GBI.py).main(36) - Programm starting!
2022-11-11 16:44:01,785 - [INFO] - __main__ - (View.py).readLog(51) - Start process
2022-11-11 16:44:02,238 - [INFO] - __main__ - (View.py).readResult(85) - Parcel received: 2022-11-11 16:44:02
2022-11-11 16:44:02,238 - [ERROR] - __main__ - (View.py).readResult(99) - list index out of range
2022-11-11 16:44:02,238 - [ERROR] - __main__ - (View.py).readResult(99) : list index out of range
2022-11-11 16:44:02,238 - [ERROR] - __main__ - (View.py).readResult(99) - list index out of range
2022-11-11 16:44:06,870 - [INFO] - __main__ - (View.py).readLog(51) - Exit process
2022-11-11 16:44:07,245 - [INFO] - __main__ - (GBI.py).closeEvent(20) - Exit programm
